<?xml version="1.0" encoding="UTF-8"?>
<testng-results ignored="0" total="1" passed="1" failed="0" skipped="0">
  <reporter-output>
  </reporter-output>
  <suite started-at="2024-02-22T13:39:36 IST" name="Suite" finished-at="2024-02-22T13:39:56 IST" duration-ms="20107">
    <groups>
    </groups>
    <test started-at="2024-02-22T13:39:36 IST" name="Test" finished-at="2024-02-22T13:39:56 IST" duration-ms="20107">
      <class name="datadrivenTesting.XML_ParameterizationTest">
        <test-method signature="loginTest(org.testng.xml.XmlTest)[pri:0, instance:datadrivenTesting.XML_ParameterizationTest@2a4fb17b]" started-at="2024-02-22T13:39:36 IST" name="loginTest" finished-at="2024-02-22T13:39:56 IST" duration-ms="20063" status="PASS">
          <params>
            <param index="0">
              <value>
                <![CDATA[org.testng.xml.XmlTest@3ef06fab]]>
              </value>
            </param>
          </params>
          <reporter-output>
          </reporter-output>
        </test-method> <!-- loginTest -->
      </class> <!-- datadrivenTesting.XML_ParameterizationTest -->
    </test> <!-- Test -->
  </suite> <!-- Suite -->
</testng-results>
